This is pdfTeX, Version 3.141592653-2.6-1.40.22 (TeX Live 2022/dev/Debian) (preloaded format=pdflatex 2023.1.17)  24 MAR 2023 20:18
entering extended mode
 restricted \write18 enabled.
 file:line:error style messages enabled.
 %&-line parsing enabled.
**/home/fabien/Documents/FDS/M1/IMAGE/subsol/TP1/CR_TP1_IMAGE_CABALLERO.tex
(/home/fabien/Documents/FDS/M1/IMAGE/subsol/TP1/CR_TP1_IMAGE_CABALLERO.tex
LaTeX2e <2021-11-15> patch level 1
L3 programming layer <2022-01-21> (/usr/share/texlive/texmf-dist/tex/latex/base/article.cls
Document Class: article 2021/10/04 v1.4n Standard LaTeX document class
(/usr/share/texlive/texmf-dist/tex/latex/base/size10.clo
File: size10.clo 2021/10/04 v1.4n Standard LaTeX file (size option)
)
\c@part=\count185
\c@section=\count186
\c@subsection=\count187
\c@subsubsection=\count188
\c@paragraph=\count189
\c@subparagraph=\count190
\c@figure=\count191
\c@table=\count192
\abovecaptionskip=\skip47
\belowcaptionskip=\skip48
\bibindent=\dimen138
) (/usr/share/texlive/texmf-dist/tex/latex/base/inputenc.sty
Package: inputenc 2021/02/14 v1.3d Input encoding file
\inpenc@prehook=\toks16
\inpenc@posthook=\toks17
) (/usr/share/texlive/texmf-dist/tex/latex/base/fontenc.sty
Package: fontenc 2021/04/29 v2.0v Standard LaTeX package
) (/usr/share/texlive/texmf-dist/tex/generic/babel/babel.sty
Package: babel 2022/01/26 3.70 The Babel package
\babel@savecnt=\count193
\U@D=\dimen139
\l@unhyphenated=\language3
 (/usr/share/texlive/texmf-dist/tex/generic/babel/txtbabel.def)
\bbl@readstream=\read2
\bbl@dirlevel=\count194
 (/usr/share/texlive/texmf-dist/tex/generic/babel-english/english.ldf
Language: english 2017/06/06 v3.3r English support from the babel system
Package babel Info: Hyphen rules for 'british' set to \l@english
(babel)             (\language0). Reported on input line 82.
Package babel Info: Hyphen rules for 'UKenglish' set to \l@english
(babel)             (\language0). Reported on input line 83.
Package babel Info: Hyphen rules for 'canadian' set to \l@english
(babel)             (\language0). Reported on input line 102.
Package babel Info: Hyphen rules for 'australian' set to \l@english
(babel)             (\language0). Reported on input line 105.
Package babel Info: Hyphen rules for 'newzealand' set to \l@english
(babel)             (\language0). Reported on input line 108.
)) (/usr/share/texlive/texmf-dist/tex/latex/preprint/fullpage.sty
Package: fullpage 1999/02/23 1.1 (PWD)
\FP@margin=\skip49
) (/usr/share/texlive/texmf-dist/tex/latex/graphics/color.sty
Package: color 2021/12/07 v1.3c Standard LaTeX Color (DPC)
 (/usr/share/texlive/texmf-dist/tex/latex/graphics-cfg/color.cfg
File: color.cfg 2016/01/02 v1.6 sample color configuration
)
Package color Info: Driver file: pdftex.def on input line 149.
 (/usr/share/texlive/texmf-dist/tex/latex/graphics-def/pdftex.def
File: pdftex.def 2020/10/05 v1.2a Graphics/color driver for pdftex
)) (/usr/share/texlive/texmf-dist/tex/latex/xcolor/xcolor.sty
Package: xcolor 2021/10/31 v2.13 LaTeX color extensions (UK)
 (/usr/share/texlive/texmf-dist/tex/latex/graphics-cfg/color.cfg
File: color.cfg 2016/01/02 v1.6 sample color configuration
)
Package xcolor Info: Driver file: pdftex.def on input line 227.
 (/usr/share/texlive/texmf-dist/tex/latex/colortbl/colortbl.sty
Package: colortbl 2020/01/04 v1.0e Color table columns (DPC)
 (/usr/share/texlive/texmf-dist/tex/latex/tools/array.sty
Package: array 2021/10/04 v2.5f Tabular extension package (FMi)
\col@sep=\dimen140
\ar@mcellbox=\box50
\extrarowheight=\dimen141
\NC@list=\toks18
\extratabsurround=\skip50
\backup@length=\skip51
\ar@cellbox=\box51
)
\everycr=\toks19
\minrowclearance=\skip52
)
LaTeX Info: Redefining \color on input line 711.
\rownum=\count195
Package xcolor Info: Model `cmy' substituted by `cmy0' on input line 1352.
Package xcolor Info: Model `hsb' substituted by `rgb' on input line 1356.
Package xcolor Info: Model `RGB' extended on input line 1368.
Package xcolor Info: Model `HTML' substituted by `rgb' on input line 1370.
Package xcolor Info: Model `Hsb' substituted by `hsb' on input line 1371.
Package xcolor Info: Model `tHsb' substituted by `hsb' on input line 1372.
Package xcolor Info: Model `HSB' substituted by `hsb' on input line 1373.
Package xcolor Info: Model `Gray' substituted by `gray' on input line 1374.
Package xcolor Info: Model `wave' substituted by `hsb' on input line 1375.
) (/usr/share/texlive/texmf-dist/tex/latex/listings/listings.sty (/usr/share/texlive/texmf-dist/tex/latex/graphics/keyval.sty
Package: keyval 2014/10/28 v1.15 key=value parser (DPC)
\KV@toks@=\toks20
)
\lst@mode=\count196
\lst@gtempboxa=\box52
\lst@token=\toks21
\lst@length=\count197
\lst@currlwidth=\dimen142
\lst@column=\count198
\lst@pos=\count199
\lst@lostspace=\dimen143
\lst@width=\dimen144
\lst@newlines=\count266
\lst@lineno=\count267
\lst@maxwidth=\dimen145
 (/usr/share/texlive/texmf-dist/tex/latex/listings/lstmisc.sty
File: lstmisc.sty 2020/03/24 1.8d (Carsten Heinz)
\c@lstnumber=\count268
\lst@skipnumbers=\count269
\lst@framebox=\box53
) (/usr/share/texlive/texmf-dist/tex/latex/listings/listings.cfg
File: listings.cfg 2020/03/24 1.8d listings configuration
))
Package: listings 2020/03/24 1.8d (Carsten Heinz)
 (/usr/share/texlive/texmf-dist/tex/latex/listings/lstlang1.sty
File: lstlang1.sty 2020/03/24 1.8d listings language file
) (/usr/share/texlive/texmf-dist/tex/latex/listings/lstmisc.sty
File: lstmisc.sty 2020/03/24 1.8d (Carsten Heinz)
) (/usr/share/texlive/texmf-dist/tex/latex/graphics/graphicx.sty
Package: graphicx 2021/09/16 v1.2d Enhanced LaTeX Graphics (DPC,SPQR)
 (/usr/share/texlive/texmf-dist/tex/latex/graphics/graphics.sty
Package: graphics 2021/03/04 v1.4d Standard LaTeX Graphics (DPC,SPQR)
 (/usr/share/texlive/texmf-dist/tex/latex/graphics/trig.sty
Package: trig 2021/08/11 v1.11 sin cos tan (DPC)
) (/usr/share/texlive/texmf-dist/tex/latex/graphics-cfg/graphics.cfg
File: graphics.cfg 2016/06/04 v1.11 sample graphics configuration
)
Package graphics Info: Driver file: pdftex.def on input line 107.
)
\Gin@req@height=\dimen146
\Gin@req@width=\dimen147
) (/usr/share/texlive/texmf-dist/tex/latex/l3backend/l3backend-pdftex.def
File: l3backend-pdftex.def 2022-01-12 L3 backend support: PDF output (pdfTeX)
\l__color_backend_stack_int=\count270
\l__pdf_internal_box=\box54
) (./CR_TP1_IMAGE_CABALLERO.aux)
\openout1 = `CR_TP1_IMAGE_CABALLERO.aux'.

LaTeX Font Info:    Checking defaults for OML/cmm/m/it on input line 85.
LaTeX Font Info:    ... okay on input line 85.
LaTeX Font Info:    Checking defaults for OMS/cmsy/m/n on input line 85.
LaTeX Font Info:    ... okay on input line 85.
LaTeX Font Info:    Checking defaults for OT1/cmr/m/n on input line 85.
LaTeX Font Info:    ... okay on input line 85.
LaTeX Font Info:    Checking defaults for T1/cmr/m/n on input line 85.
LaTeX Font Info:    ... okay on input line 85.
LaTeX Font Info:    Checking defaults for TS1/cmr/m/n on input line 85.
LaTeX Font Info:    ... okay on input line 85.
LaTeX Font Info:    Checking defaults for OMX/cmex/m/n on input line 85.
LaTeX Font Info:    ... okay on input line 85.
LaTeX Font Info:    Checking defaults for U/cmr/m/n on input line 85.
LaTeX Font Info:    ... okay on input line 85.
 (/usr/share/texlive/texmf-dist/tex/context/base/mkii/supp-pdf.mkii
[Loading MPS to PDF converter (version 2006.09.02).]
\scratchcounter=\count271
\scratchdimen=\dimen148
\scratchbox=\box55
\nofMPsegments=\count272
\nofMParguments=\count273
\everyMPshowfont=\toks22
\MPscratchCnt=\count274
\MPscratchDim=\dimen149
\MPnumerator=\count275
\makeMPintoPDFobject=\count276
\everyMPtoPDFconversion=\toks23
) (/usr/share/texlive/texmf-dist/tex/latex/epstopdf-pkg/epstopdf-base.sty
Package: epstopdf-base 2020-01-24 v2.11 Base part for package epstopdf
Package epstopdf-base Info: Redefining graphics rule for `.eps' on input line 485.
 (/usr/share/texlive/texmf-dist/tex/latex/latexconfig/epstopdf-sys.cfg
File: epstopdf-sys.cfg 2010/07/13 v1.3 Configuration of (r)epstopdf for TeX Live
))
\c@lstlisting=\count277
LaTeX Font Info:    External font `cmex10' loaded for size
(Font)              <12> on input line 87.
LaTeX Font Info:    External font `cmex10' loaded for size
(Font)              <8> on input line 87.
LaTeX Font Info:    External font `cmex10' loaded for size
(Font)              <6> on input line 87.
 (./CR_TP1_IMAGE_CABALLERO.toc)
\tf@toc=\write3
\openout3 = `CR_TP1_IMAGE_CABALLERO.toc'.

 [1

{/var/lib/texmf/fonts/map/pdftex/updmap/pdftex.map}] [2]
Underfull \hbox (badness 10000) in paragraph at lines 154--156

 []


Underfull \hbox (badness 10000) in paragraph at lines 154--156

 []

[3]
<./sortieorange.png, id=20, 256.96pt x 256.96pt>
File: ./sortieorange.png Graphic file (type png)
<use ./sortieorange.png>
Package pdftex.def Info: ./sortieorange.png  used on input line 197.
(pdftex.def)             Requested size: 154.17719pt x 154.17719pt.
<./sortieINCISIX.png, id=22, 513.92pt x 513.92pt>
File: ./sortieINCISIX.png Graphic file (type png)
<use ./sortieINCISIX.png>
Package pdftex.def Info: ./sortieINCISIX.png  used on input line 200.
(pdftex.def)             Requested size: 205.56435pt x 205.56435pt.
<./sortiet1head.png, id=23, 256.96pt x 256.96pt>
File: ./sortiet1head.png Graphic file (type png)
<use ./sortiet1head.png>
Package pdftex.def Info: ./sortiet1head.png  used on input line 206.
(pdftex.def)             Requested size: 179.87076pt x 179.87076pt.


LaTeX Warning: `h' float specifier changed to `ht'.

<./sortieWhatisit.png, id=24, 208.78pt x 208.78pt>
File: ./sortieWhatisit.png Graphic file (type png)
<use ./sortieWhatisit.png>
Package pdftex.def Info: ./sortieWhatisit.png  used on input line 212.
(pdftex.def)             Requested size: 146.14497pt x 146.14497pt.

LaTeX Warning: `h' float specifier changed to `ht'.

[4 <./sortieorange.png> <./sortieINCISIX.png>]
<./sortiet1orangemoy.png, id=30, 256.96pt x 256.96pt>
File: ./sortiet1orangemoy.png Graphic file (type png)
<use ./sortiet1orangemoy.png>
Package pdftex.def Info: ./sortiet1orangemoy.png  used on input line 242.
(pdftex.def)             Requested size: 154.17719pt x 154.17719pt.
<./sortiet1INCISIXmoy.png, id=31, 513.92pt x 513.92pt>
File: ./sortiet1INCISIXmoy.png Graphic file (type png)
<use ./sortiet1INCISIXmoy.png>
Package pdftex.def Info: ./sortiet1INCISIXmoy.png  used on input line 245.
(pdftex.def)             Requested size: 205.56435pt x 205.56435pt.


LaTeX Warning: `h' float specifier changed to `ht'.

<./sortiet1headmoy.png, id=32, 256.96pt x 256.96pt>
File: ./sortiet1headmoy.png Graphic file (type png)
<use ./sortiet1headmoy.png>
Package pdftex.def Info: ./sortiet1headmoy.png  used on input line 251.
(pdftex.def)             Requested size: 179.87076pt x 179.87076pt.

LaTeX Warning: `h' float specifier changed to `ht'.

<./sortiet1whatisitmoy.png, id=33, 208.78pt x 208.78pt>
File: ./sortiet1whatisitmoy.png Graphic file (type png)
<use ./sortiet1whatisitmoy.png>
Package pdftex.def Info: ./sortiet1whatisitmoy.png  used on input line 257.
(pdftex.def)             Requested size: 146.14497pt x 146.14497pt.

LaTeX Warning: `h' float specifier changed to `ht'.

[5 <./sortiet1head.png> <./sortieWhatisit.png>] [6 <./sortiet1orangemoy.png> <./sortiet1INCISIXmoy.png>] [7 <./sortiet1headmoy.png> <./sortiet1whatisitmoy.png>] (./CR_TP1_IMAGE_CABALLERO.aux) ) 
Here is how much of TeX's memory you used:
 5044 strings out of 480247
 75158 string characters out of 5896151
 819381 words of memory out of 5000000
 22948 multiletter control sequences out of 15000+600000
 478476 words of font info for 46 fonts, out of 8000000 for 9000
 14 hyphenation exceptions out of 8191
 55i,7n,62p,274b,1212s stack positions out of 5000i,500n,10000p,200000b,80000s
 </home/fabien/.texlive2021/texmf-var/fonts/pk/ljfour/jknappen/ec/tcrm0800.600pk> </home/fabien/.texlive2021/texmf-var/fonts/pk/ljfour/jknappen/ec/ecrm0800.600pk> </home/fabien/.texlive2021/texmf-var/fonts/pk/ljfour/jknappen/ec/ecrm0500.600pk> </home/fabien/.texlive2021/texmf-var/fonts/pk/ljfour/jknappen/ec/ecrm1000.600pk> </home/fabien/.texlive2021/texmf-var/fonts/pk/ljfour/jknappen/ec/ecbx1000.600pk> </home/fabien/.texlive2021/texmf-var/fonts/pk/ljfour/jknappen/ec/ecbx1440.600pk> </home/fabien/.texlive2021/texmf-var/fonts/pk/ljfour/jknappen/ec/ecrm1200.600pk> </home/fabien/.texlive2021/texmf-var/fonts/pk/ljfour/jknappen/ec/ecrm1728.600pk>
Output written on CR_TP1_IMAGE_CABALLERO.pdf (7 pages, 748602 bytes).
PDF statistics:
 291 PDF objects out of 1000 (max. 8388607)
 51 compressed objects within 1 object stream
 0 named destinations out of 1000 (max. 500000)
 41 words of extra memory for PDF output out of 10000 (max. 10000000)

